*** Using Compiler 'V5.06 update 6 (build 750)', folder: 'D:\Program Files\keil\ARM\ARMCC\Bin'
Rebuild target 'Target 1'
assembling startup_stm32f10x_ld.s...
compiling stm32f10x_bkp.c...
compiling system_stm32f10x.c...
compiling stm32f10x_dac.c...
compiling stm32f10x_it.c...
compiling main.c...
compiling core_cm3.c...
compiling stm32f10x_crc.c...
compiling misc.c...
compiling stm32f10x_adc.c...
compiling stm32f10x_can.c...
compiling stm32f10x_dbgmcu.c...
compiling stm32f10x_dma.c...
compiling stm32f10x_exti.c...
compiling stm32f10x_flash.c...
compiling stm32f10x_gpio.c...
compiling stm32f10x_fsmc.c...
compiling stm32f10x_iwdg.c...
compiling stm32f10x_i2c.c...
compiling stm32f10x_pwr.c...
compiling stm32f10x_rtc.c...
compiling stm32f10x_sdio.c...
compiling stm32f10x_rcc.c...
compiling stm32f10x_spi.c...
compiling stm32f10x_usart.c...
compiling stm32f10x_wwdg.c...
compiling stm32f10x_tim.c...
compiling car_control.c...
compiling encoder.c...
compiling motor.c...
compiling sensor.c...
compiling led.c...
compiling system_config.c...
compiling mpu6500.c...
compiling I2C.c...
compiling delay.c...
linking...
Program Size: Code=10296 RO-data=268 RW-data=76 ZI-data=1676  
FromELF: creating hex file...
".\Objects\Fi.axf" - 0 Error(s), 0 Warning(s).
Build Time Elapsed:  00:00:02
